<?xml version="1.0" encoding="UTF-8"?>
<testng-results skipped="0" failed="1" total="2" passed="1">
  <reporter-output>
  </reporter-output>
  <suite name="Default suite" duration-ms="4475" started-at="2015-05-10T17:02:36Z" finished-at="2015-05-10T17:02:40Z">
    <groups>
    </groups>
    <test name="Default test" duration-ms="4475" started-at="2015-05-10T17:02:36Z" finished-at="2015-05-10T17:02:40Z">
      <class name="com.FCI.SWE.BackendTesting.Home">
        <test-method status="PASS" signature="setup()[pri:0, instance:com.FCI.SWE.BackendTesting.Home@515441f]" name="setup" is-config="true" duration-ms="112" started-at="2015-05-10T20:02:36Z" finished-at="2015-05-10T20:02:36Z">
          <reporter-output>
          </reporter-output>
        </test-method> <!-- setup -->
        <test-method status="PASS" signature="tearDown()[pri:0, instance:com.FCI.SWE.BackendTesting.Home@515441f]" name="tearDown" is-config="true" duration-ms="287" started-at="2015-05-10T20:02:36Z" finished-at="2015-05-10T20:02:36Z">
          <reporter-output>
          </reporter-output>
        </test-method> <!-- tearDown -->
        <test-method status="PASS" signature="home()[pri:0, instance:com.FCI.SWE.BackendTesting.Home@515441f]" name="home" duration-ms="4036" started-at="2015-05-10T20:02:36Z" finished-at="2015-05-10T20:02:40Z">
          <reporter-output>
          </reporter-output>
        </test-method> <!-- home -->
        <test-method status="FAIL" signature="home1()[pri:0, instance:com.FCI.SWE.BackendTesting.Home@515441f]" name="home1" duration-ms="19" started-at="2015-05-10T20:02:40Z" finished-at="2015-05-10T20:02:40Z">
          <exception class="java.lang.AssertionError">
            <message>
              <![CDATA[expected [failed] but found [OK]]]>
            </message>
            <full-stacktrace>
              <![CDATA[java.lang.AssertionError: expected [failed] but found [OK]
	at org.testng.Assert.fail(Assert.java:94)
	at org.testng.Assert.failNotEquals(Assert.java:494)
	at org.testng.Assert.assertEquals(Assert.java:123)
	at org.testng.Assert.assertEquals(Assert.java:176)
	at org.testng.Assert.assertEquals(Assert.java:186)
	at com.FCI.SWE.BackendTesting.Home.home1(Home.java:122)
	at sun.reflect.NativeMethodAccessorImpl.invoke0(Native Method)
	at sun.reflect.NativeMethodAccessorImpl.invoke(NativeMethodAccessorImpl.java:57)
	at sun.reflect.DelegatingMethodAccessorImpl.invoke(DelegatingMethodAccessorImpl.java:43)
	at java.lang.reflect.Method.invoke(Method.java:606)
	at org.testng.internal.MethodInvocationHelper.invokeMethod(MethodInvocationHelper.java:84)
	at org.testng.internal.Invoker.invokeMethod(Invoker.java:714)
	at org.testng.internal.Invoker.invokeTestMethod(Invoker.java:901)
	at org.testng.internal.Invoker.invokeTestMethods(Invoker.java:1231)
	at org.testng.internal.TestMethodWorker.invokeTestMethods(TestMethodWorker.java:127)
	at org.testng.internal.TestMethodWorker.run(TestMethodWorker.java:111)
	at org.testng.TestRunner.privateRun(TestRunner.java:767)
	at org.testng.TestRunner.run(TestRunner.java:617)
	at org.testng.SuiteRunner.runTest(SuiteRunner.java:334)
	at org.testng.SuiteRunner.runSequentially(SuiteRunner.java:329)
	at org.testng.SuiteRunner.privateRun(SuiteRunner.java:291)
	at org.testng.SuiteRunner.run(SuiteRunner.java:240)
	at org.testng.SuiteRunnerWorker.runSuite(SuiteRunnerWorker.java:52)
	at org.testng.SuiteRunnerWorker.run(SuiteRunnerWorker.java:86)
	at org.testng.TestNG.runSuitesSequentially(TestNG.java:1224)
	at org.testng.TestNG.runSuitesLocally(TestNG.java:1149)
	at org.testng.TestNG.run(TestNG.java:1057)
	at org.testng.remote.RemoteTestNG.run(RemoteTestNG.java:111)
	at org.testng.remote.RemoteTestNG.initAndRun(RemoteTestNG.java:204)
	at org.testng.remote.RemoteTestNG.main(RemoteTestNG.java:175)
]]>
            </full-stacktrace>
          </exception> <!-- java.lang.AssertionError -->
          <reporter-output>
          </reporter-output>
        </test-method> <!-- home1 -->
      </class> <!-- com.FCI.SWE.BackendTesting.Home -->
    </test> <!-- Default test -->
  </suite> <!-- Default suite -->
</testng-results>
